<?xml version="1.0" encoding="utf-8"?><testsuites name="pytest tests"><testsuite name="pytest" errors="0" failures="0" skipped="0" tests="16" time="13.275" timestamp="2026-03-13T16:56:52.866819+00:00" hostname="agent-env-4b031287-79cc-4968-979c-b5884d947124"><testcase classname="backend.tests.test_iteration5_features.TestUserRegistrationAndLogin" name="test_01_register_first_user_becomes_admin" time="0.193" /><testcase classname="backend.tests.test_iteration5_features.TestUserRegistrationAndLogin" name="test_02_login_with_email" time="0.288" /><testcase classname="backend.tests.test_iteration5_features.TestUserRegistrationAndLogin" name="test_03_login_with_username" time="0.278" /><testcase classname="backend.tests.test_iteration5_features.TestUserRegistrationAndLogin" name="test_04_login_invalid_credentials" time="0.297" /><testcase classname="backend.tests.test_iteration5_features.TestTRMMSync" name="test_01_trmm_sync_endpoint" time="3.981" /><testcase classname="backend.tests.test_iteration5_features.TestTRMMSync" name="test_02_clients_synced_from_trmm" time="0.263" /><testcase classname="backend.tests.test_iteration5_features.TestServersAndWorkstations" name="test_01_servers_endpoint_excludes_workstations" time="0.879" /><testcase classname="backend.tests.test_iteration5_features.TestServersAndWorkstations" name="test_02_workstations_endpoint_returns_only_workstations" time="0.387" /><testcase classname="backend.tests.test_iteration5_features.TestServersAndWorkstations" name="test_03_client_has_correct_counts" time="0.243" /><testcase classname="backend.tests.test_iteration5_features.TestClientDetailPage" name="test_01_get_client_detail" time="0.951" /><testcase classname="backend.tests.test_iteration5_features.TestClientDetailPage" name="test_02_get_client_servers" time="0.416" /><testcase classname="backend.tests.test_iteration5_features.TestClientDetailPage" name="test_03_get_client_workstations" time="0.265" /><testcase classname="backend.tests.test_iteration5_features.TestHealthChecks" name="test_01_get_servers_for_health_check" time="0.950" /><testcase classname="backend.tests.test_iteration5_features.TestHealthChecks" name="test_02_get_health_checks_list" time="0.120" /><testcase classname="backend.tests.test_iteration5_features.TestHealthChecks" name="test_03_save_health_check" time="0.707" /><testcase classname="backend.tests.test_iteration5_features.TestReclassifyDevices" name="test_01_reclassify_devices_endpoint" time="2.976" /></testsuite></testsuites>