<?xml version="1.0" encoding="utf-8"?><testsuites name="pytest tests"><testsuite name="pytest" errors="0" failures="0" skipped="0" tests="18" time="1.911" timestamp="2026-04-10T08:31:36.534059+00:00" hostname="agent-env-0a3155d2-e3a9-4341-b3aa-9a37f9ccb7fa"><testcase classname="backend.tests.test_backup_history.TestBackupHistorySummaries" name="test_summaries_requires_auth" time="0.276" /><testcase classname="backend.tests.test_backup_history.TestBackupHistorySummaries" name="test_summaries_default_30_days" time="0.482" /><testcase classname="backend.tests.test_backup_history.TestBackupHistorySummaries" name="test_summaries_custom_days" time="0.049" /><testcase classname="backend.tests.test_backup_history.TestBackupHistorySummaries" name="test_summaries_contains_ahsay_data" time="0.060" /><testcase classname="backend.tests.test_backup_history.TestBackupHistorySummaries" name="test_summaries_filter_by_provider" time="0.054" /><testcase classname="backend.tests.test_backup_history.TestBackupHistoryRecords" name="test_records_requires_auth" time="0.105" /><testcase classname="backend.tests.test_backup_history.TestBackupHistoryRecords" name="test_records_default_today" time="0.050" /><testcase classname="backend.tests.test_backup_history.TestBackupHistoryRecords" name="test_records_specific_date" time="0.048" /><testcase classname="backend.tests.test_backup_history.TestBackupHistoryRecords" name="test_records_ahsay_entries" time="0.048" /><testcase classname="backend.tests.test_backup_history.TestBackupHistoryRecords" name="test_records_filter_by_status" time="0.050" /><testcase classname="backend.tests.test_backup_history.TestBackupSyncNow" name="test_sync_requires_auth" time="0.180" /><testcase classname="backend.tests.test_backup_history.TestBackupSyncNow" name="test_sync_admin_only" time="0.055" /><testcase classname="backend.tests.test_backup_history.TestBackupComplianceReport" name="test_report_requires_auth" time="0.112" /><testcase classname="backend.tests.test_backup_history.TestBackupComplianceReport" name="test_report_default_1_month" time="0.056" /><testcase classname="backend.tests.test_backup_history.TestBackupComplianceReport" name="test_report_altaro_breakdown" time="0.053" /><testcase classname="backend.tests.test_backup_history.TestBackupComplianceReport" name="test_report_ahsay_breakdown" time="0.057" /><testcase classname="backend.tests.test_backup_history.TestBackupComplianceReport" name="test_report_custom_months" time="0.049" /><testcase classname="backend.tests.test_backup_history.TestSchedulerJobRegistration" name="test_health_check" time="0.046" /></testsuite></testsuites>