<?xml version="1.0" encoding="utf-8"?><testsuites name="pytest tests"><testsuite name="pytest" errors="0" failures="0" skipped="0" tests="18" time="2.690" timestamp="2026-03-17T14:53:59.993690+00:00" hostname="agent-env-c680d7bd-4ab3-457b-af18-3f35882f3da2"><testcase classname="backend.tests.test_customers_assets_health.TestCustomerCRUD" name="test_list_customers" time="0.677" /><testcase classname="backend.tests.test_customers_assets_health.TestCustomerCRUD" name="test_create_customer" time="0.103" /><testcase classname="backend.tests.test_customers_assets_health.TestCustomerCRUD" name="test_get_customer" time="0.084" /><testcase classname="backend.tests.test_customers_assets_health.TestCustomerCRUD" name="test_update_customer" time="0.151" /><testcase classname="backend.tests.test_customers_assets_health.TestCustomerCRUD" name="test_add_customer_note" time="0.097" /><testcase classname="backend.tests.test_customers_assets_health.TestCustomerCRUD" name="test_get_customer_notes" time="0.072" /><testcase classname="backend.tests.test_customers_assets_health.TestCustomerCRUD" name="test_delete_customer_note" time="0.071" /><testcase classname="backend.tests.test_customers_assets_health.TestCustomerCRUD" name="test_delete_customer" time="0.128" /><testcase classname="backend.tests.test_customers_assets_health.TestAssetCRUD" name="test_list_assets" time="0.075" /><testcase classname="backend.tests.test_customers_assets_health.TestAssetCRUD" name="test_create_asset" time="0.074" /><testcase classname="backend.tests.test_customers_assets_health.TestAssetCRUD" name="test_get_asset" time="0.068" /><testcase classname="backend.tests.test_customers_assets_health.TestAssetCRUD" name="test_update_asset" time="0.142" /><testcase classname="backend.tests.test_customers_assets_health.TestAssetCRUD" name="test_delete_asset" time="0.137" /><testcase classname="backend.tests.test_customers_assets_health.TestHealthCheck" name="test_list_servers_sorted" time="0.105" /><testcase classname="backend.tests.test_customers_assets_health.TestHealthCheck" name="test_list_health_checks" time="0.091" /><testcase classname="backend.tests.test_customers_assets_health.TestHealthCheck" name="test_save_health_check_draft" time="0.213" /><testcase classname="backend.tests.test_customers_assets_health.TestHealthCheck" name="test_verify_draft_in_history" time="0.072" /><testcase classname="backend.tests.test_customers_assets_health.TestClients" name="test_list_clients" time="0.212" /></testsuite></testsuites>