<?xml version="1.0" encoding="utf-8"?><testsuites name="pytest tests"><testsuite name="pytest" errors="0" failures="0" skipped="0" tests="13" time="4.894" timestamp="2026-03-12T22:10:08.368830+00:00" hostname="agent-env-022f9b10-e341-42c6-923c-61c6da99fae5"><testcase classname="backend.tests.test_export_and_trmm.TestTRMMIntegration" name="test_trmm_agent_details_endpoint" time="1.421" /><testcase classname="backend.tests.test_export_and_trmm.TestTRMMIntegration" name="test_trmm_agent_software_endpoint" time="0.764" /><testcase classname="backend.tests.test_export_and_trmm.TestTRMMIntegration" name="test_trmm_agent_invalid_id" time="0.680" /><testcase classname="backend.tests.test_export_and_trmm.TestServerWithTRMM" name="test_get_server_with_trmm_agent_id" time="0.111" /><testcase classname="backend.tests.test_export_and_trmm.TestExportEndpoints" name="test_export_timesheet_csv" time="0.123" /><testcase classname="backend.tests.test_export_and_trmm.TestExportEndpoints" name="test_export_clients_csv" time="0.190" /><testcase classname="backend.tests.test_export_and_trmm.TestExportEndpoints" name="test_export_servers_csv" time="0.551" /><testcase classname="backend.tests.test_export_and_trmm.TestExportEndpoints" name="test_export_incidents_csv" time="0.158" /><testcase classname="backend.tests.test_export_and_trmm.TestExportEndpoints" name="test_export_servers_with_client_filter" time="0.330" /><testcase classname="backend.tests.test_export_and_trmm.TestExportAuthentication" name="test_export_timesheet_requires_auth" time="0.113" /><testcase classname="backend.tests.test_export_and_trmm.TestExportAuthentication" name="test_export_clients_requires_auth" time="0.114" /><testcase classname="backend.tests.test_export_and_trmm.TestExportAuthentication" name="test_export_servers_requires_auth" time="0.114" /><testcase classname="backend.tests.test_export_and_trmm.TestExportAuthentication" name="test_export_incidents_requires_auth" time="0.139" /></testsuite></testsuites>