<?xml version="1.0" encoding="utf-8"?><testsuites name="pytest tests"><testsuite name="pytest" errors="0" failures="0" skipped="0" tests="22" time="4.338" timestamp="2026-03-12T21:47:21.527884+00:00" hostname="agent-env-022f9b10-e341-42c6-923c-61c6da99fae5"><testcase classname="backend.tests.test_synthops_api.TestAuthentication" name="test_login_success" time="0.401" /><testcase classname="backend.tests.test_synthops_api.TestAuthentication" name="test_login_invalid_credentials" time="0.172" /><testcase classname="backend.tests.test_synthops_api.TestAuthentication" name="test_auth_me_endpoint" time="0.498" /><testcase classname="backend.tests.test_synthops_api.TestDashboard" name="test_dashboard_stats" time="0.511" /><testcase classname="backend.tests.test_synthops_api.TestClients" name="test_list_clients" time="0.139" /><testcase classname="backend.tests.test_synthops_api.TestClients" name="test_create_client" time="0.120" /><testcase classname="backend.tests.test_synthops_api.TestClients" name="test_duplicate_client_code_rejected" time="0.277" /><testcase classname="backend.tests.test_synthops_api.TestTasks" name="test_list_tasks" time="0.121" /><testcase classname="backend.tests.test_synthops_api.TestTasks" name="test_kanban_view" time="0.114" /><testcase classname="backend.tests.test_synthops_api.TestTasks" name="test_create_and_update_task" time="0.353" /><testcase classname="backend.tests.test_synthops_api.TestProjects" name="test_list_projects" time="0.124" /><testcase classname="backend.tests.test_synthops_api.TestProjects" name="test_create_project" time="0.159" /><testcase classname="backend.tests.test_synthops_api.TestIncidents" name="test_list_incidents" time="0.118" /><testcase classname="backend.tests.test_synthops_api.TestIncidents" name="test_create_incident" time="0.123" /><testcase classname="backend.tests.test_synthops_api.TestMaintenance" name="test_list_maintenance" time="0.143" /><testcase classname="backend.tests.test_synthops_api.TestDocumentation" name="test_list_documents" time="0.105" /><testcase classname="backend.tests.test_synthops_api.TestDocumentation" name="test_create_document" time="0.131" /><testcase classname="backend.tests.test_synthops_api.TestTimeTracking" name="test_list_time_entries" time="0.111" /><testcase classname="backend.tests.test_synthops_api.TestTimeTracking" name="test_create_time_entry" time="0.126" /><testcase classname="backend.tests.test_synthops_api.TestServers" name="test_list_servers" time="0.141" /><testcase classname="backend.tests.test_synthops_api.TestHealthChecks" name="test_list_health_check_templates" time="0.113" /><testcase classname="backend.tests.test_synthops_api.TestUserManagement" name="test_list_users" time="0.108" /></testsuite></testsuites>