<?xml version="1.0" encoding="utf-8"?><testsuites name="pytest tests"><testsuite name="pytest" errors="0" failures="0" skipped="0" tests="15" time="25.471" timestamp="2026-04-09T16:30:52.637905+00:00" hostname="agent-env-0a3155d2-e3a9-4341-b3aa-9a37f9ccb7fa"><testcase classname="tests.test_ahsay_integration.TestAhsayIntegration" name="test_ahsay_status_endpoint_returns_200" time="1.236" /><testcase classname="tests.test_ahsay_integration.TestAhsayIntegration" name="test_ahsay_status_has_users_array" time="1.138" /><testcase classname="tests.test_ahsay_integration.TestAhsayIntegration" name="test_ahsay_status_has_summary_object" time="1.123" /><testcase classname="tests.test_ahsay_integration.TestAhsayIntegration" name="test_ahsay_summary_values_match_expected" time="1.100" /><testcase classname="tests.test_ahsay_integration.TestAhsayIntegration" name="test_ahsay_status_has_stale_users_array" time="1.145" /><testcase classname="tests.test_ahsay_integration.TestAhsayIntegration" name="test_ahsay_stale_users_have_required_fields" time="1.123" /><testcase classname="tests.test_ahsay_integration.TestAhsayIntegration" name="test_ahsay_user_has_required_fields" time="1.137" /><testcase classname="tests.test_ahsay_integration.TestAhsayIntegration" name="test_ahsay_backup_status_values_valid" time="1.162" /><testcase classname="tests.test_ahsay_integration.TestAhsayIntegration" name="test_ahsay_response_has_fetched_at" time="1.132" /><testcase classname="tests.test_ahsay_integration.TestAhsayIntegration" name="test_ahsay_response_has_from_cache_flag" time="1.095" /><testcase classname="tests.test_ahsay_integration.TestAltaroStillWorks" name="test_altaro_status_endpoint_returns_200" time="4.319" /><testcase classname="tests.test_ahsay_integration.TestAltaroStillWorks" name="test_altaro_status_has_summary" time="4.806" /><testcase classname="tests.test_ahsay_integration.TestAltaroStillWorks" name="test_altaro_status_has_customers" time="4.675" /><testcase classname="tests.test_ahsay_integration.TestAuthRequired" name="test_ahsay_requires_auth" time="0.105" /><testcase classname="tests.test_ahsay_integration.TestAuthRequired" name="test_altaro_requires_auth" time="0.110" /></testsuite></testsuites>