<?xml version="1.0" encoding="utf-8"?><testsuites name="pytest tests"><testsuite name="pytest" errors="0" failures="0" skipped="0" tests="15" time="4.932" timestamp="2026-04-09T13:10:43.310590+00:00" hostname="agent-env-ba435c55-e308-46fd-bf60-68aba7259a7a"><testcase classname="backend.tests.test_backups_noc_techtip.TestAuth" name="test_login_success" time="0.536" /><testcase classname="backend.tests.test_backups_noc_techtip.TestTechTip" name="test_get_tech_tip" time="0.500" /><testcase classname="backend.tests.test_backups_noc_techtip.TestBackupCRUD" name="test_get_backups_empty_or_existing" time="0.438" /><testcase classname="backend.tests.test_backups_noc_techtip.TestBackupCRUD" name="test_create_backup_log" time="0.327" /><testcase classname="backend.tests.test_backups_noc_techtip.TestBackupCRUD" name="test_get_backups_with_filters" time="0.356" /><testcase classname="backend.tests.test_backups_noc_techtip.TestBackupCRUD" name="test_get_backup_stats" time="0.144" /><testcase classname="backend.tests.test_backups_noc_techtip.TestBackupCRUD" name="test_update_backup_log" time="0.325" /><testcase classname="backend.tests.test_backups_noc_techtip.TestBackupCRUD" name="test_delete_backup_log" time="0.337" /><testcase classname="backend.tests.test_backups_noc_techtip.TestDashboardStats" name="test_dashboard_stats" time="0.434" /><testcase classname="backend.tests.test_backups_noc_techtip.TestUsersForTaskAssignment" name="test_get_users_list" time="0.434" /><testcase classname="backend.tests.test_backups_noc_techtip.TestNOCEndpoints" name="test_servers_endpoint" time="0.467" /><testcase classname="backend.tests.test_backups_noc_techtip.TestNOCEndpoints" name="test_clients_endpoint" time="0.206" /><testcase classname="backend.tests.test_backups_noc_techtip.TestNOCEndpoints" name="test_incidents_endpoint" time="0.131" /><testcase classname="backend.tests.test_backups_noc_techtip.TestNOCEndpoints" name="test_tasks_endpoint" time="0.105" /><testcase classname="backend.tests.test_backups_noc_techtip.TestNOCEndpoints" name="test_backup_stats_for_noc" time="0.108" /></testsuite></testsuites>