<?xml version="1.0" encoding="utf-8"?><testsuites name="pytest tests"><testsuite name="pytest" errors="0" failures="0" skipped="0" tests="12" time="14.760" timestamp="2026-03-14T00:05:31.064652+00:00" hostname="agent-env-a79d2481-5721-4c0b-bd49-6c4761f14118"><testcase classname="tests.test_infrastructure.TestInfrastructure" name="test_login_works" time="0.847" /><testcase classname="tests.test_infrastructure.TestInfrastructure" name="test_get_infrastructure_devices_empty" time="0.458" /><testcase classname="tests.test_infrastructure.TestInfrastructure" name="test_create_ping_device" time="0.661" /><testcase classname="tests.test_infrastructure.TestInfrastructure" name="test_create_proxmox_device" time="0.600" /><testcase classname="tests.test_infrastructure.TestInfrastructure" name="test_create_snmp_device" time="0.559" /><testcase classname="tests.test_infrastructure.TestInfrastructure" name="test_delete_infrastructure_device" time="0.642" /><testcase classname="tests.test_infrastructure.TestInfrastructure" name="test_get_single_device" time="0.674" /><testcase classname="tests.test_infrastructure.TestInfrastructure" name="test_update_device" time="0.865" /><testcase classname="tests.test_infrastructure.TestInfrastructure" name="test_infrastructure_status" time="0.441" /><testcase classname="tests.test_infrastructure.TestZammadStats" name="test_zammad_stats_endpoint_exists" time="6.367" /><testcase classname="tests.test_infrastructure.TestZammadStats" name="test_zammad_test_endpoint" time="2.201" /><testcase classname="tests.test_infrastructure.TestSidebarNavigation" name="test_admin_login_role" time="0.336" /></testsuite></testsuites>