<?xml version="1.0" encoding="utf-8"?><testsuites name="pytest tests"><testsuite name="pytest" errors="0" failures="0" skipped="0" tests="15" time="6.544" timestamp="2026-03-12T23:29:01.986280+00:00" hostname="agent-env-3205386d-97b0-41c1-aa0d-2a172770b76a"><testcase classname="backend.tests.test_new_features_iteration4.TestAuthentication" name="test_login_returns_token" time="0.383" /><testcase classname="backend.tests.test_new_features_iteration4.TestMeshCentralConfig" name="test_meshcentral_config_endpoint" time="0.444" /><testcase classname="backend.tests.test_new_features_iteration4.TestMeshCentralConfig" name="test_meshcentral_requires_auth" time="0.169" /><testcase classname="backend.tests.test_new_features_iteration4.TestVaultwardenConfig" name="test_vaultwarden_config_endpoint" time="0.466" /><testcase classname="backend.tests.test_new_features_iteration4.TestVaultwardenConfig" name="test_vaultwarden_requires_auth" time="0.123" /><testcase classname="backend.tests.test_new_features_iteration4.TestNotificationsConfig" name="test_notifications_config_endpoint" time="0.428" /><testcase classname="backend.tests.test_new_features_iteration4.TestNotificationsConfig" name="test_notifications_requires_auth" time="0.119" /><testcase classname="backend.tests.test_new_features_iteration4.TestTeamsWebhook" name="test_teams_test_webhook_not_configured" time="0.462" /><testcase classname="backend.tests.test_new_features_iteration4.TestTeamsWebhook" name="test_teams_webhook_requires_auth" time="0.100" /><testcase classname="backend.tests.test_new_features_iteration4.TestNOCDisplayEndpoints" name="test_dashboard_stats" time="0.449" /><testcase classname="backend.tests.test_new_features_iteration4.TestNOCDisplayEndpoints" name="test_servers_list" time="0.542" /><testcase classname="backend.tests.test_new_features_iteration4.TestNOCDisplayEndpoints" name="test_open_incidents" time="0.151" /><testcase classname="backend.tests.test_new_features_iteration4.TestSecurityHeaders" name="test_security_headers_present" time="0.442" /><testcase classname="backend.tests.test_new_features_iteration4.TestServerMeshURL" name="test_get_server_mesh_url" time="1.054" /><testcase classname="backend.tests.test_new_features_iteration4.TestServerOfflineNotification" name="test_server_offline_notification" time="1.094" /></testsuite></testsuites>